TN:
SF:src/diffs.js
FN:3,(anonymous_0)
FN:10,(anonymous_1)
FN:12,(anonymous_2)
FNF:3
FNH:3
FNDA:1,(anonymous_0)
FNDA:1,(anonymous_1)
FNDA:5,(anonymous_2)
DA:3,1
DA:4,1
DA:5,1
DA:6,1
DA:7,1
DA:10,1
DA:11,1
DA:12,1
DA:13,5
DA:14,5
DA:15,5
DA:16,5
DA:17,1
DA:18,1
DA:20,4
DA:21,2
DA:22,2
DA:24,2
DA:25,1
DA:26,1
DA:30,1
DA:31,1
DA:33,1
LF:23
LH:23
BRDA:16,0,0,1
BRDA:16,0,1,4
BRDA:16,1,0,5
BRDA:16,1,1,1
BRDA:20,2,0,2
BRDA:20,2,1,2
BRDA:20,3,0,4
BRDA:20,3,1,2
BRDA:24,4,0,1
BRDA:24,4,1,1
BRF:10
BRH:10
end_of_record
TN:
SF:src/index.js
FN:5,(anonymous_0)
FN:6,(anonymous_1)
FN:29,(anonymous_2)
FN:35,(anonymous_3)
FNF:4
FNH:4
FNDA:1,(anonymous_0)
FNDA:5,(anonymous_1)
FNDA:2,(anonymous_2)
FNDA:1,(anonymous_3)
DA:5,1
DA:6,1
DA:9,5
DA:11,2
DA:13,1
DA:16,1
DA:19,1
DA:22,0
DA:25,1
DA:26,1
DA:29,1
DA:30,2
DA:31,2
DA:32,2
DA:35,1
DA:36,1
DA:37,1
DA:38,1
DA:39,1
LF:19
LH:18
BRDA:9,0,0,2
BRDA:9,0,1,1
BRDA:9,0,2,1
BRDA:9,0,3,1
BRDA:9,0,4,0
BRF:5
BRH:4
end_of_record
